Arguments: 
  /usr/local/bin/node /usr/local/bin/yarn dev

PATH: 
  /Users/julianoramos/.local/share/zinit/polaris/bin:/opt/homebrew/bin:/opt/homebrew/sbin:/usr/local/bin:/usr/bin:/bin:/usr/sbin:/sbin:/Library/Apple/usr/bin

Yarn version: 
  1.22.18

Node version: 
  16.14.2

Platform: 
  darwin arm64

Trace: 
  Invariant Violation: Script must exist
      at invariant (/usr/local/lib/node_modules/yarn/lib/cli.js:2314:15)
      at /usr/local/lib/node_modules/yarn/lib/cli.js:61537:11
      at Generator.next (<anonymous>)
      at step (/usr/local/lib/node_modules/yarn/lib/cli.js:310:30)
      at /usr/local/lib/node_modules/yarn/lib/cli.js:328:14
      at new Promise (<anonymous>)
      at new F (/usr/local/lib/node_modules/yarn/lib/cli.js:5301:28)
      at /usr/local/lib/node_modules/yarn/lib/cli.js:307:12
      at realRunCommand (/usr/local/lib/node_modules/yarn/lib/cli.js:61622:23)
      at action.action (/usr/local/lib/node_modules/yarn/lib/cli.js:61683:16)

npm manifest: 
  {
    "name": "monster",
    "version": "1.0.0",
    "main": "index.js",
    "license": "MIT",
    "scripts": {
      "dev": ""
    }
  }

yarn manifest: 
  No manifest

Lockfile: 
  # THIS IS AN AUTOGENERATED FILE. DO NOT EDIT THIS FILE DIRECTLY.
  # yarn lockfile v1
